2023-04-09 15:42:57,087 werkzeug WARNING  * Debugger is active!
2023-04-09 15:42:57,120 werkzeug INFO  * Debugger PIN: 520-542-148
2023-04-09 15:43:49,658 werkzeug INFO  * Detected change in 'C:\\Users\\ezioa\\Documents\\GitHub\\muralis_desafio\\desafio_d_API.py', reloading
2023-04-06 15:54:36,025 werkzeug INFO [31m[1mWARNING: This is a development server. Do not use it in a production deployment. Use a production WSGI server instead.[0m
 * Running on http://127.0.0.1:5000
2023-04-06 15:54:36,026 werkzeug INFO [33mPress CTRL+C to quit[0m
2023-04-06 15:54:36,028 werkzeug INFO  * Restarting with stat
2023-04-06 15:54:37,038 werkzeug WARNING  * Debugger is active!
2023-04-06 15:54:37,043 werkzeug INFO  * Debugger PIN: 520-542-148
2023-04-06 15:56:42,155 werkzeug INFO [31m[1mWARNING: This is a development server. Do not use it in a production deployment. Use a production WSGI server instead.[0m
 * Running on http://127.0.0.1:5000
2023-04-06 15:56:42,156 werkzeug INFO [33mPress CTRL+C to quit[0m
2023-04-06 15:56:42,159 werkzeug INFO  * Restarting with stat
2023-04-06 15:56:43,164 werkzeug WARNING  * Debugger is active!
2023-04-06 15:56:43,169 werkzeug INFO  * Debugger PIN: 520-542-148
2023-04-06 15:56:55,269 root INFO BD acessado!
2023-04-06 15:56:55,274 root INFO Funcionário consultado!
2023-04-06 15:56:55,275 werkzeug INFO 127.0.0.1 - - [06/Apr/2023 15:56:55] "GET /buscar_funcionario/11 HTTP/1.1" 200 -
2023-04-06 23:30:15,635 werkzeug INFO [31m[1mWARNING: This is a development server. Do not use it in a production deployment. Use a production WSGI server instead.[0m
 * Running on http://127.0.0.1:5000
2023-04-06 23:30:15,636 werkzeug INFO [33mPress CTRL+C to quit[0m
2023-04-06 23:30:15,640 werkzeug INFO  * Restarting with stat
2023-04-06 23:30:16,405 werkzeug WARNING  * Debugger is active!
2023-04-06 23:30:16,414 werkzeug INFO  * Debugger PIN: 520-542-148
2023-04-06 23:31:00,932 root INFO BD acessado!
2023-04-06 23:31:00,939 root INFO Funcionário consultado!
2023-04-06 23:31:00,943 werkzeug INFO 127.0.0.1 - - [06/Apr/2023 23:31:00] "GET /buscar_funcionario/11 HTTP/1.1" 200 -
2023-04-06 23:33:03,239 root INFO BD acessado!
2023-04-06 23:33:03,261 root INFO Funcionário cadastrado!
2023-04-06 23:33:03,262 werkzeug INFO 127.0.0.1 - - [06/Apr/2023 23:33:03] "POST /cadastrar_funcionario/ HTTP/1.1" 200 -
2023-04-06 23:33:52,259 root INFO BD acessado!
2023-04-06 23:33:52,269 root INFO Funcionário consultado!
2023-04-06 23:33:52,269 werkzeug INFO 127.0.0.1 - - [06/Apr/2023 23:33:52] "GET /buscar_funcionario/13 HTTP/1.1" 200 -
2023-04-07 00:00:22,445 werkzeug INFO [31m[1mWARNING: This is a development server. Do not use it in a production deployment. Use a production WSGI server instead.[0m
 * Running on http://127.0.0.1:5000
2023-04-07 00:00:22,446 werkzeug INFO [33mPress CTRL+C to quit[0m
2023-04-07 00:00:22,449 werkzeug INFO  * Restarting with stat
2023-04-07 00:00:23,210 werkzeug WARNING  * Debugger is active!
2023-04-07 00:00:23,218 werkzeug INFO  * Debugger PIN: 520-542-148
2023-04-07 00:01:54,571 root INFO BD acessado!
2023-04-07 00:01:54,597 root INFO Funcionário cadastrado!
2023-04-07 00:01:54,624 root INFO BD acessado!
2023-04-07 00:01:54,792 werkzeug INFO 127.0.0.1 - - [07/Apr/2023 00:01:54] "[35m[1mPOST /cadastrar_funcionario/ HTTP/1.1[0m" 500 -
2023-04-07 00:02:59,414 werkzeug INFO [31m[1mWARNING: This is a development server. Do not use it in a production deployment. Use a production WSGI server instead.[0m
 * Running on http://127.0.0.1:5000
2023-04-07 00:02:59,414 werkzeug INFO [33mPress CTRL+C to quit[0m
2023-04-07 00:02:59,418 werkzeug INFO  * Restarting with stat
2023-04-07 00:03:00,085 werkzeug WARNING  * Debugger is active!
2023-04-07 00:03:00,087 werkzeug INFO  * Debugger PIN: 520-542-148
2023-04-07 00:03:08,958 root INFO BD acessado!
2023-04-07 00:03:08,974 root INFO Funcionário cadastrado!
2023-04-07 00:03:08,981 werkzeug INFO 127.0.0.1 - - [07/Apr/2023 00:03:08] "[35m[1mPOST /cadastrar_funcionario/ HTTP/1.1[0m" 500 -
2023-04-07 00:09:58,556 werkzeug INFO [31m[1mWARNING: This is a development server. Do not use it in a production deployment. Use a production WSGI server instead.[0m
 * Running on http://127.0.0.1:5000
2023-04-07 00:09:58,556 werkzeug INFO [33mPress CTRL+C to quit[0m
2023-04-07 00:09:58,558 werkzeug INFO  * Restarting with stat
2023-04-07 00:09:59,208 werkzeug WARNING  * Debugger is active!
2023-04-07 00:09:59,210 werkzeug INFO  * Debugger PIN: 520-542-148
2023-04-07 00:10:05,412 root INFO BD acessado!
2023-04-07 00:10:05,425 root INFO Funcionário cadastrado!
2023-04-07 00:10:05,441 root INFO BD acessado!
2023-04-07 00:10:05,467 werkzeug INFO 127.0.0.1 - - [07/Apr/2023 00:10:05] "[35m[1mPOST /cadastrar_funcionario/ HTTP/1.1[0m" 500 -
2023-04-07 00:11:31,840 werkzeug INFO [31m[1mWARNING: This is a development server. Do not use it in a production deployment. Use a production WSGI server instead.[0m
 * Running on http://127.0.0.1:5000
2023-04-07 00:11:31,840 werkzeug INFO [33mPress CTRL+C to quit[0m
2023-04-07 00:11:31,843 werkzeug INFO  * Restarting with stat
2023-04-07 00:11:32,554 werkzeug WARNING  * Debugger is active!
2023-04-07 00:11:32,556 werkzeug INFO  * Debugger PIN: 520-542-148
2023-04-07 00:11:39,406 root INFO BD acessado!
2023-04-07 00:11:39,417 root INFO Funcionário cadastrado!
2023-04-07 00:11:39,430 root INFO BD acessado!
2023-04-07 00:11:39,459 werkzeug INFO 127.0.0.1 - - [07/Apr/2023 00:11:39] "[35m[1mPOST /cadastrar_funcionario/ HTTP/1.1[0m" 500 -
2023-04-07 00:20:04,594 werkzeug INFO [31m[1mWARNING: This is a development server. Do not use it in a production deployment. Use a production WSGI server instead.[0m
 * Running on http://127.0.0.1:5000
2023-04-07 00:20:04,594 werkzeug INFO [33mPress CTRL+C to quit[0m
2023-04-07 00:20:04,597 werkzeug INFO  * Restarting with stat
2023-04-07 00:20:05,247 werkzeug WARNING  * Debugger is active!
2023-04-07 00:20:05,262 werkzeug INFO  * Debugger PIN: 520-542-148
2023-04-07 00:21:02,467 root INFO BD acessado!
2023-04-07 00:21:02,472 root INFO Funcionário cadastrado!
2023-04-07 00:21:02,488 root INFO BD acessado!
2023-04-07 00:21:02,527 werkzeug INFO 127.0.0.1 - - [07/Apr/2023 00:21:02] "[35m[1mPOST /cadastrar_funcionario/ HTTP/1.1[0m" 500 -
2023-04-07 00:22:41,777 werkzeug INFO [31m[1mWARNING: This is a development server. Do not use it in a production deployment. Use a production WSGI server instead.[0m
 * Running on http://127.0.0.1:5000
2023-04-07 00:22:41,777 werkzeug INFO [33mPress CTRL+C to quit[0m
2023-04-07 00:22:41,780 werkzeug INFO  * Restarting with stat
2023-04-07 00:22:42,463 werkzeug WARNING  * Debugger is active!
2023-04-07 00:22:42,465 werkzeug INFO  * Debugger PIN: 520-542-148
2023-04-07 00:22:56,001 root INFO BD acessado!
2023-04-07 00:22:56,017 root INFO Funcionário cadastrado!
2023-04-07 00:22:56,033 root INFO BD acessado!
2023-04-07 00:22:56,064 werkzeug INFO 127.0.0.1 - - [07/Apr/2023 00:22:56] "[35m[1mPOST /cadastrar_funcionario/ HTTP/1.1[0m" 500 -
2023-04-07 00:23:34,780 root INFO BD acessado!
2023-04-07 00:25:08,336 root INFO BD acessado!
2023-04-07 00:25:31,179 root INFO BD acessado!
2023-04-07 00:26:17,939 root INFO BD acessado!
2023-04-07 00:27:13,162 root INFO BD acessado!
2023-04-07 00:28:24,249 root INFO BD acessado!
2023-04-07 00:31:49,967 root INFO BD acessado!
2023-04-07 00:32:01,824 werkzeug INFO [31m[1mWARNING: This is a development server. Do not use it in a production deployment. Use a production WSGI server instead.[0m
 * Running on http://127.0.0.1:5000
2023-04-07 00:32:01,825 werkzeug INFO [33mPress CTRL+C to quit[0m
2023-04-07 00:32:01,828 werkzeug INFO  * Restarting with stat
2023-04-07 00:32:02,622 werkzeug WARNING  * Debugger is active!
2023-04-07 00:32:02,625 werkzeug INFO  * Debugger PIN: 520-542-148
2023-04-07 00:32:06,823 root INFO BD acessado!
2023-04-07 00:32:06,830 root INFO Funcionário cadastrado!
2023-04-07 00:32:06,841 root INFO BD acessado!
2023-04-07 00:32:06,859 werkzeug INFO 127.0.0.1 - - [07/Apr/2023 00:32:06] "[35m[1mPOST /cadastrar_funcionario/ HTTP/1.1[0m" 500 -
2023-04-07 00:32:49,879 werkzeug INFO  * Detected change in 'C:\\Users\\ezioa\\Documents\\GitHub\\muralis_desafio\\desafio_d_API.py', reloading
2023-04-07 00:32:49,971 werkzeug INFO  * Restarting with stat
2023-04-07 00:32:50,687 werkzeug WARNING  * Debugger is active!
2023-04-07 00:32:50,689 werkzeug INFO  * Debugger PIN: 520-542-148
2023-04-07 00:33:57,518 werkzeug INFO  * Detected change in 'C:\\Users\\ezioa\\Documents\\GitHub\\muralis_desafio\\desafio_d_API.py', reloading
2023-04-07 00:33:57,626 werkzeug INFO  * Restarting with stat
2023-04-07 00:37:34,103 werkzeug INFO [31m[1mWARNING: This is a development server. Do not use it in a production deployment. Use a production WSGI server instead.[0m
 * Running on http://127.0.0.1:5000
2023-04-07 00:37:34,109 werkzeug INFO [33mPress CTRL+C to quit[0m
2023-04-07 00:37:34,111 werkzeug INFO  * Restarting with stat
2023-04-07 00:37:34,859 werkzeug WARNING  * Debugger is active!
2023-04-07 00:37:34,859 werkzeug INFO  * Debugger PIN: 520-542-148
2023-04-07 00:37:39,122 root INFO BD acessado!
2023-04-07 00:37:39,129 root INFO Funcionário cadastrado!
2023-04-07 00:37:39,141 root INFO BD acessado!
2023-04-07 00:37:39,164 werkzeug INFO 127.0.0.1 - - [07/Apr/2023 00:37:39] "[35m[1mPOST /cadastrar_funcionario/ HTTP/1.1[0m" 500 -
2023-04-07 00:38:46,640 werkzeug INFO  * Detected change in 'C:\\Users\\ezioa\\Documents\\GitHub\\muralis_desafio\\desafio_d_API.py', reloading
2023-04-07 00:38:46,750 werkzeug INFO  * Restarting with stat
2023-04-07 00:38:47,511 werkzeug WARNING  * Debugger is active!
2023-04-07 00:38:47,513 werkzeug INFO  * Debugger PIN: 520-542-148
2023-04-07 00:40:35,693 werkzeug INFO  * Detected change in 'C:\\Users\\ezioa\\Documents\\GitHub\\muralis_desafio\\desafio_d_API.py', reloading
2023-04-07 00:40:35,784 werkzeug INFO  * Restarting with stat
2023-04-07 00:40:36,682 werkzeug WARNING  * Debugger is active!
2023-04-07 00:40:36,685 werkzeug INFO  * Debugger PIN: 520-542-148
2023-04-07 00:47:29,444 werkzeug INFO  * Detected change in 'C:\\Users\\ezioa\\Documents\\GitHub\\muralis_desafio\\teste.py', reloading
2023-04-07 00:47:29,549 werkzeug INFO  * Restarting with stat
2023-04-07 00:47:30,340 werkzeug WARNING  * Debugger is active!
2023-04-07 00:47:30,344 werkzeug INFO  * Debugger PIN: 520-542-148
2023-04-07 00:47:50,812 werkzeug INFO  * Detected change in 'C:\\Users\\ezioa\\Documents\\GitHub\\muralis_desafio\\teste.py', reloading
2023-04-07 00:47:50,908 werkzeug INFO  * Restarting with stat
2023-04-07 00:47:51,815 werkzeug WARNING  * Debugger is active!
2023-04-07 00:47:51,817 werkzeug INFO  * Debugger PIN: 520-542-148
2023-04-07 00:49:40,087 werkzeug INFO  * Detected change in 'C:\\Users\\ezioa\\Documents\\GitHub\\muralis_desafio\\teste.py', reloading
2023-04-07 00:49:40,192 werkzeug INFO  * Restarting with stat
2023-04-07 00:49:40,934 werkzeug WARNING  * Debugger is active!
2023-04-07 00:49:40,936 werkzeug INFO  * Debugger PIN: 520-542-148
2023-04-07 00:50:20,752 werkzeug INFO  * Detected change in 'C:\\Users\\ezioa\\Documents\\GitHub\\muralis_desafio\\teste.py', reloading
2023-04-07 00:50:20,869 werkzeug INFO  * Restarting with stat
2023-04-07 00:50:21,694 werkzeug WARNING  * Debugger is active!
2023-04-07 00:50:21,697 werkzeug INFO  * Debugger PIN: 520-542-148
2023-04-07 00:50:46,461 werkzeug INFO  * Detected change in 'C:\\Users\\ezioa\\Documents\\GitHub\\muralis_desafio\\teste.py', reloading
2023-04-07 00:50:46,535 werkzeug INFO  * Restarting with stat
2023-04-07 00:50:47,227 werkzeug WARNING  * Debugger is active!
2023-04-07 00:50:47,230 werkzeug INFO  * Debugger PIN: 520-542-148
2023-04-07 00:51:56,071 werkzeug INFO  * Detected change in 'C:\\Users\\ezioa\\Documents\\GitHub\\muralis_desafio\\teste.py', reloading
2023-04-07 00:51:56,153 werkzeug INFO  * Restarting with stat
2023-04-07 00:51:56,906 werkzeug WARNING  * Debugger is active!
2023-04-07 00:51:56,910 werkzeug INFO  * Debugger PIN: 520-542-148
2023-04-07 00:53:58,058 werkzeug INFO  * Detected change in 'C:\\Users\\ezioa\\Documents\\GitHub\\muralis_desafio\\teste.py', reloading
2023-04-07 00:53:58,247 werkzeug INFO  * Restarting with stat
2023-04-07 00:53:59,010 werkzeug WARNING  * Debugger is active!
2023-04-07 00:53:59,013 werkzeug INFO  * Debugger PIN: 520-542-148
2023-04-07 00:54:20,552 werkzeug INFO  * Detected change in 'C:\\Users\\ezioa\\Documents\\GitHub\\muralis_desafio\\teste.py', reloading
2023-04-07 00:54:20,660 werkzeug INFO  * Restarting with stat
2023-04-07 00:54:21,358 werkzeug WARNING  * Debugger is active!
2023-04-07 00:54:21,360 werkzeug INFO  * Debugger PIN: 520-542-148
2023-04-07 00:54:51,540 werkzeug INFO  * Detected change in 'C:\\Users\\ezioa\\Documents\\GitHub\\muralis_desafio\\teste.py', reloading
2023-04-07 00:54:51,665 werkzeug INFO  * Restarting with stat
2023-04-07 00:54:52,472 werkzeug WARNING  * Debugger is active!
2023-04-07 00:54:52,474 werkzeug INFO  * Debugger PIN: 520-542-148
2023-04-07 00:55:37,682 werkzeug INFO  * Detected change in 'C:\\Users\\ezioa\\Documents\\GitHub\\muralis_desafio\\teste.py', reloading
2023-04-07 00:55:37,767 werkzeug INFO  * Restarting with stat
2023-04-07 00:55:38,475 werkzeug WARNING  * Debugger is active!
2023-04-07 00:55:38,478 werkzeug INFO  * Debugger PIN: 520-542-148
2023-04-07 00:58:05,444 werkzeug INFO  * Detected change in 'C:\\Users\\ezioa\\Documents\\GitHub\\muralis_desafio\\teste.py', reloading
2023-04-07 00:58:05,577 werkzeug INFO  * Restarting with stat
2023-04-07 00:58:06,349 werkzeug WARNING  * Debugger is active!
2023-04-07 00:58:06,351 werkzeug INFO  * Debugger PIN: 520-542-148
2023-04-07 00:59:34,199 werkzeug INFO [31m[1mWARNING: This is a development server. Do not use it in a production deployment. Use a production WSGI server instead.[0m
 * Running on http://127.0.0.1:5000
2023-04-07 00:59:34,199 werkzeug INFO [33mPress CTRL+C to quit[0m
2023-04-07 00:59:34,201 werkzeug INFO  * Restarting with stat
2023-04-07 00:59:34,841 werkzeug WARNING  * Debugger is active!
2023-04-07 00:59:34,843 werkzeug INFO  * Debugger PIN: 520-542-148
2023-04-07 00:59:40,879 root INFO BD acessado!
2023-04-07 00:59:40,887 root INFO Funcionário cadastrado!
2023-04-07 00:59:40,897 root INFO BD acessado!
2023-04-07 00:59:40,914 werkzeug INFO 127.0.0.1 - - [07/Apr/2023 00:59:40] "[35m[1mPOST /cadastrar_funcionario/ HTTP/1.1[0m" 500 -
2023-04-07 01:01:23,347 werkzeug INFO  * Detected change in 'C:\\Users\\ezioa\\Documents\\GitHub\\muralis_desafio\\teste.py', reloading
2023-04-07 01:01:23,482 werkzeug INFO  * Restarting with stat
2023-04-07 01:01:24,152 werkzeug WARNING  * Debugger is active!
2023-04-07 01:01:24,155 werkzeug INFO  * Debugger PIN: 520-542-148
2023-04-07 01:02:21,196 werkzeug INFO  * Detected change in 'C:\\Users\\ezioa\\Documents\\GitHub\\muralis_desafio\\teste.py', reloading
2023-04-07 01:02:21,282 werkzeug INFO  * Restarting with stat
2023-04-07 01:02:22,023 werkzeug WARNING  * Debugger is active!
2023-04-07 01:02:22,025 werkzeug INFO  * Debugger PIN: 520-542-148
2023-04-07 01:02:51,188 werkzeug INFO  * Detected change in 'C:\\Users\\ezioa\\Documents\\GitHub\\muralis_desafio\\teste.py', reloading
2023-04-07 01:02:51,266 werkzeug INFO  * Restarting with stat
2023-04-07 01:02:51,928 werkzeug WARNING  * Debugger is active!
2023-04-07 01:02:51,931 werkzeug INFO  * Debugger PIN: 520-542-148
2023-04-07 01:04:45,613 werkzeug INFO  * Detected change in 'C:\\Users\\ezioa\\Documents\\GitHub\\muralis_desafio\\teste.py', reloading
2023-04-07 01:04:45,700 werkzeug INFO  * Restarting with stat
2023-04-07 01:04:46,408 werkzeug WARNING  * Debugger is active!
2023-04-07 01:04:46,411 werkzeug INFO  * Debugger PIN: 520-542-148
2023-04-07 01:06:03,650 werkzeug INFO  * Detected change in 'C:\\Users\\ezioa\\Documents\\GitHub\\muralis_desafio\\teste.py', reloading
2023-04-07 01:06:03,804 werkzeug INFO  * Restarting with stat
2023-04-07 01:06:04,588 werkzeug WARNING  * Debugger is active!
2023-04-07 01:06:04,592 werkzeug INFO  * Debugger PIN: 520-542-148
2023-04-07 01:10:32,545 werkzeug INFO [31m[1mWARNING: This is a development server. Do not use it in a production deployment. Use a production WSGI server instead.[0m
 * Running on http://127.0.0.1:5000
2023-04-07 01:10:32,545 werkzeug INFO [33mPress CTRL+C to quit[0m
2023-04-07 01:10:32,549 werkzeug INFO  * Restarting with stat
2023-04-07 01:10:33,283 werkzeug WARNING  * Debugger is active!
2023-04-07 01:10:33,286 werkzeug INFO  * Debugger PIN: 520-542-148
2023-04-07 01:10:37,714 root INFO BD acessado!
2023-04-07 01:10:37,718 root INFO Funcionário cadastrado!
2023-04-07 01:10:37,728 root INFO BD acessado!
2023-04-07 01:10:37,745 werkzeug INFO 127.0.0.1 - - [07/Apr/2023 01:10:37] "[35m[1mPOST /cadastrar_funcionario/ HTTP/1.1[0m" 500 -
2023-04-07 01:10:39,917 root INFO BD acessado!
2023-04-07 01:10:39,922 root INFO Funcionário cadastrado!
2023-04-07 01:10:39,932 root INFO BD acessado!
2023-04-07 01:10:39,942 werkzeug INFO 127.0.0.1 - - [07/Apr/2023 01:10:39] "[35m[1mPOST /cadastrar_funcionario/ HTTP/1.1[0m" 500 -
2023-04-07 01:10:41,982 root INFO BD acessado!
2023-04-07 01:10:41,987 root INFO Funcionário cadastrado!
2023-04-07 01:10:42,001 root INFO BD acessado!
2023-04-07 01:10:42,017 werkzeug INFO 127.0.0.1 - - [07/Apr/2023 01:10:42] "[35m[1mPOST /cadastrar_funcionario/ HTTP/1.1[0m" 500 -
2023-04-07 01:12:31,306 werkzeug INFO  * Detected change in 'C:\\Users\\ezioa\\Documents\\GitHub\\muralis_desafio\\teste.py', reloading
2023-04-07 01:12:31,392 werkzeug INFO  * Restarting with stat
2023-04-07 01:12:32,082 werkzeug WARNING  * Debugger is active!
2023-04-07 01:12:32,084 werkzeug INFO  * Debugger PIN: 520-542-148
2023-04-07 01:15:26,731 werkzeug INFO  * Detected change in 'C:\\Users\\ezioa\\Documents\\GitHub\\muralis_desafio\\teste.py', reloading
2023-04-07 01:15:26,879 werkzeug INFO  * Restarting with stat
2023-04-07 01:15:27,669 werkzeug WARNING  * Debugger is active!
2023-04-07 01:15:27,672 werkzeug INFO  * Debugger PIN: 520-542-148
2023-04-07 01:16:36,389 werkzeug INFO  * Detected change in 'C:\\Users\\ezioa\\Documents\\GitHub\\muralis_desafio\\teste.py', reloading
2023-04-07 01:16:36,476 werkzeug INFO  * Restarting with stat
2023-04-07 01:16:37,209 werkzeug WARNING  * Debugger is active!
2023-04-07 01:16:37,211 werkzeug INFO  * Debugger PIN: 520-542-148
2023-04-07 01:27:41,856 werkzeug INFO [31m[1mWARNING: This is a development server. Do not use it in a production deployment. Use a production WSGI server instead.[0m
 * Running on http://127.0.0.1:5000
2023-04-07 01:27:41,858 werkzeug INFO [33mPress CTRL+C to quit[0m
2023-04-07 01:27:41,861 werkzeug INFO  * Restarting with stat
2023-04-07 01:27:42,649 werkzeug WARNING  * Debugger is active!
2023-04-07 01:27:42,653 werkzeug INFO  * Debugger PIN: 520-542-148
2023-04-07 01:27:48,394 root INFO BD acessado!
2023-04-07 01:27:48,399 root INFO Funcionário cadastrado!
2023-04-07 01:27:48,409 root INFO BD acessado!
2023-04-07 01:27:48,421 werkzeug INFO 127.0.0.1 - - [07/Apr/2023 01:27:48] "[35m[1mPOST /cadastrar_funcionario/ HTTP/1.1[0m" 500 -
2023-04-07 01:28:34,993 werkzeug INFO [31m[1mWARNING: This is a development server. Do not use it in a production deployment. Use a production WSGI server instead.[0m
 * Running on http://127.0.0.1:5000
2023-04-07 01:28:34,993 werkzeug INFO [33mPress CTRL+C to quit[0m
2023-04-07 01:28:34,996 werkzeug INFO  * Restarting with stat
2023-04-07 01:28:35,719 werkzeug WARNING  * Debugger is active!
2023-04-07 01:28:35,725 werkzeug INFO  * Debugger PIN: 520-542-148
2023-04-07 01:28:40,941 root INFO BD acessado!
2023-04-07 01:28:40,941 root INFO Funcionário consultado!
2023-04-07 01:28:40,943 werkzeug INFO 127.0.0.1 - - [07/Apr/2023 01:28:40] "GET /buscar_funcionario/13 HTTP/1.1" 200 -
2023-04-07 01:28:47,211 root INFO BD acessado!
2023-04-07 01:28:47,216 root INFO Funcionário consultado!
2023-04-07 01:28:47,216 werkzeug INFO 127.0.0.1 - - [07/Apr/2023 01:28:47] "GET /buscar_funcionario/40 HTTP/1.1" 200 -
2023-04-07 01:29:41,142 werkzeug INFO [31m[1mWARNING: This is a development server. Do not use it in a production deployment. Use a production WSGI server instead.[0m
 * Running on http://127.0.0.1:5000
2023-04-07 01:29:41,142 werkzeug INFO [33mPress CTRL+C to quit[0m
2023-04-07 01:29:41,146 werkzeug INFO  * Restarting with stat
2023-04-07 01:29:43,041 werkzeug WARNING  * Debugger is active!
2023-04-07 01:29:43,051 werkzeug INFO  * Debugger PIN: 520-542-148
2023-04-07 01:31:41,040 root INFO BD acessado!
2023-04-07 01:32:03,493 root INFO Funcionário cadastrado!
2023-04-07 01:32:27,636 root INFO BD acessado!
2023-04-07 01:34:13,542 werkzeug INFO 127.0.0.1 - - [07/Apr/2023 01:34:13] "[35m[1mPOST /cadastrar_funcionario/ HTTP/1.1[0m" 500 -
2023-04-07 01:34:38,321 werkzeug INFO [31m[1mWARNING: This is a development server. Do not use it in a production deployment. Use a production WSGI server instead.[0m
 * Running on http://127.0.0.1:5000
2023-04-07 01:34:38,321 werkzeug INFO [33mPress CTRL+C to quit[0m
2023-04-07 01:34:38,325 werkzeug INFO  * Restarting with stat
2023-04-07 01:34:39,092 werkzeug WARNING  * Debugger is active!
2023-04-07 01:34:39,094 werkzeug INFO  * Debugger PIN: 520-542-148
2023-04-07 01:34:42,689 werkzeug INFO [31m[1mWARNING: This is a development server. Do not use it in a production deployment. Use a production WSGI server instead.[0m
 * Running on http://127.0.0.1:5000
2023-04-07 01:34:42,689 werkzeug INFO [33mPress CTRL+C to quit[0m
2023-04-07 01:34:42,691 werkzeug INFO  * Restarting with stat
2023-04-07 01:34:43,375 werkzeug WARNING  * Debugger is active!
2023-04-07 01:34:43,377 werkzeug INFO  * Debugger PIN: 520-542-148
2023-04-07 01:34:49,409 root INFO BD acessado!
2023-04-07 01:34:49,415 root INFO Funcionário cadastrado!
2023-04-07 01:34:49,424 root INFO BD acessado!
2023-04-07 01:34:49,435 werkzeug INFO 127.0.0.1 - - [07/Apr/2023 01:34:49] "[35m[1mPOST /cadastrar_funcionario/ HTTP/1.1[0m" 500 -
2023-04-07 01:35:49,483 werkzeug INFO [31m[1mWARNING: This is a development server. Do not use it in a production deployment. Use a production WSGI server instead.[0m
 * Running on http://127.0.0.1:5000
2023-04-07 01:35:49,483 werkzeug INFO [33mPress CTRL+C to quit[0m
2023-04-07 01:35:49,486 werkzeug INFO  * Restarting with stat
2023-04-07 01:35:49,575 werkzeug INFO  * Detected change in 'C:\\Users\\ezioa\\Documents\\GitHub\\muralis_desafio\\desafio_d_API.py', reloading
2023-04-07 01:35:49,665 werkzeug INFO  * Restarting with stat
2023-04-07 01:35:50,186 werkzeug WARNING  * Debugger is active!
2023-04-07 01:35:50,190 werkzeug INFO  * Debugger PIN: 520-542-148
2023-04-07 01:35:50,373 werkzeug WARNING  * Debugger is active!
2023-04-07 01:35:50,376 werkzeug INFO  * Debugger PIN: 520-542-148
2023-04-07 01:35:54,049 root INFO BD acessado!
2023-04-07 01:35:54,053 root INFO Funcionário cadastrado!
2023-04-07 01:35:54,063 root INFO BD acessado!
2023-04-07 01:35:54,072 werkzeug INFO 127.0.0.1 - - [07/Apr/2023 01:35:54] "[35m[1mPOST /cadastrar_funcionario/ HTTP/1.1[0m" 500 -
2023-04-07 01:44:54,352 werkzeug INFO  * Detected change in 'C:\\Users\\ezioa\\Documents\\GitHub\\muralis_desafio\\desafio_d_API.py', reloading
2023-04-07 01:44:54,357 werkzeug INFO  * Detected change in 'C:\\Users\\ezioa\\Documents\\GitHub\\muralis_desafio\\desafio_d_API.py', reloading
2023-04-07 01:44:54,490 werkzeug INFO  * Restarting with stat
2023-04-07 01:44:54,493 werkzeug INFO  * Restarting with stat
2023-04-07 01:44:55,420 werkzeug WARNING  * Debugger is active!
2023-04-07 01:44:55,420 werkzeug WARNING  * Debugger is active!
2023-04-07 01:44:55,424 werkzeug INFO  * Debugger PIN: 520-542-148
2023-04-07 01:44:55,424 werkzeug INFO  * Debugger PIN: 520-542-148
2023-04-07 01:45:02,070 werkzeug INFO  * Detected change in 'C:\\Users\\ezioa\\Documents\\GitHub\\muralis_desafio\\desafio_d_API.py', reloading
2023-04-07 01:45:02,070 werkzeug INFO  * Detected change in 'C:\\Users\\ezioa\\Documents\\GitHub\\muralis_desafio\\desafio_d_API.py', reloading
2023-04-07 01:45:02,211 werkzeug INFO  * Restarting with stat
2023-04-07 01:45:02,213 werkzeug INFO  * Restarting with stat
2023-04-07 01:45:03,063 werkzeug WARNING  * Debugger is active!
2023-04-07 01:45:03,063 werkzeug INFO  * Debugger PIN: 520-542-148
2023-04-07 01:45:03,063 werkzeug INFO  * Debugger PIN: 520-542-148
2023-04-07 01:45:14,058 werkzeug INFO  * Detected change in 'C:\\Users\\ezioa\\Documents\\GitHub\\muralis_desafio\\desafio_d_API.py', reloading
2023-04-07 01:45:14,086 werkzeug INFO  * Detected change in 'C:\\Users\\ezioa\\Documents\\GitHub\\muralis_desafio\\desafio_d_API.py', reloading
2023-04-07 01:45:14,210 werkzeug INFO  * Restarting with stat
2023-04-07 01:45:14,266 werkzeug INFO  * Restarting with stat
2023-04-07 01:46:03,301 werkzeug INFO [31m[1mWARNING: This is a development server. Do not use it in a production deployment. Use a production WSGI server instead.[0m
 * Running on http://127.0.0.1:5000
2023-04-07 01:46:03,301 werkzeug INFO [33mPress CTRL+C to quit[0m
2023-04-07 01:46:03,306 werkzeug INFO  * Restarting with stat
2023-04-07 01:46:04,076 werkzeug WARNING  * Debugger is active!
2023-04-07 01:46:04,076 werkzeug INFO  * Debugger PIN: 520-542-148
2023-04-07 01:46:09,131 root INFO BD acessado!
2023-04-07 01:46:09,137 root INFO Funcionário cadastrado!
2023-04-07 01:46:09,150 root INFO BD acessado!
2023-04-07 01:46:09,164 werkzeug INFO 127.0.0.1 - - [07/Apr/2023 01:46:09] "[35m[1mPOST /cadastrar_funcionario/ HTTP/1.1[0m" 500 -
2023-04-07 01:48:32,110 werkzeug INFO  * Detected change in 'C:\\Users\\ezioa\\Documents\\GitHub\\muralis_desafio\\teste.py', reloading
2023-04-07 01:48:32,206 werkzeug INFO  * Restarting with stat
2023-04-07 01:48:32,898 werkzeug WARNING  * Debugger is active!
2023-04-07 01:48:32,901 werkzeug INFO  * Debugger PIN: 520-542-148
2023-04-07 01:53:03,920 werkzeug INFO [31m[1mWARNING: This is a development server. Do not use it in a production deployment. Use a production WSGI server instead.[0m
 * Running on http://127.0.0.1:5000
2023-04-07 01:53:03,922 werkzeug INFO [33mPress CTRL+C to quit[0m
2023-04-07 01:53:03,925 werkzeug INFO  * Restarting with stat
2023-04-07 01:53:04,769 werkzeug WARNING  * Debugger is active!
2023-04-07 01:53:04,772 werkzeug INFO  * Debugger PIN: 520-542-148
2023-04-07 01:53:13,604 root INFO BD acessado!
2023-04-07 01:53:13,604 root INFO Funcionário cadastrado!
2023-04-07 01:53:13,625 root INFO BD acessado!
2023-04-07 01:53:13,638 werkzeug INFO 127.0.0.1 - - [07/Apr/2023 01:53:13] "[35m[1mPOST /cadastrar_funcionario/ HTTP/1.1[0m" 500 -
2023-04-07 01:57:18,616 werkzeug INFO [31m[1mWARNING: This is a development server. Do not use it in a production deployment. Use a production WSGI server instead.[0m
 * Running on http://127.0.0.1:5000
2023-04-07 01:57:18,616 werkzeug INFO [33mPress CTRL+C to quit[0m
2023-04-07 01:57:18,616 werkzeug INFO  * Restarting with stat
2023-04-07 01:57:21,131 werkzeug WARNING  * Debugger is active!
2023-04-07 01:57:21,131 werkzeug INFO  * Debugger PIN: 520-542-148
2023-04-07 01:57:26,570 root INFO BD acessado!
2023-04-07 01:57:26,576 root INFO Funcionário cadastrado!
2023-04-07 01:57:26,589 root INFO BD acessado!
2023-04-07 01:57:26,627 werkzeug INFO 127.0.0.1 - - [07/Apr/2023 01:57:26] "[35m[1mPOST /cadastrar_funcionario/ HTTP/1.1[0m" 500 -
2023-04-07 01:57:58,499 root INFO BD acessado!
2023-04-07 01:57:58,502 root INFO Funcionário cadastrado!
2023-04-07 01:57:58,519 root INFO BD acessado!
2023-04-07 01:57:58,538 werkzeug INFO 127.0.0.1 - - [07/Apr/2023 01:57:58] "[35m[1mPOST /cadastrar_funcionario/ HTTP/1.1[0m" 500 -
2023-04-07 01:58:27,287 werkzeug INFO [31m[1mWARNING: This is a development server. Do not use it in a production deployment. Use a production WSGI server instead.[0m
 * Running on http://127.0.0.1:5000
2023-04-07 01:58:27,287 werkzeug INFO [33mPress CTRL+C to quit[0m
2023-04-07 01:58:27,295 werkzeug INFO  * Restarting with stat
2023-04-07 01:58:29,794 werkzeug WARNING  * Debugger is active!
2023-04-07 01:58:29,802 werkzeug INFO  * Debugger PIN: 520-542-148
2023-04-07 01:58:52,206 root INFO BD acessado!
2023-04-07 01:58:52,210 root INFO Funcionário cadastrado!
2023-04-07 01:58:52,226 root INFO BD acessado!
2023-04-07 01:58:52,272 werkzeug INFO 127.0.0.1 - - [07/Apr/2023 01:58:52] "[35m[1mPOST /cadastrar_funcionario/ HTTP/1.1[0m" 500 -
2023-04-07 02:01:24,559 root INFO BD acessado!
2023-04-07 02:02:23,775 root INFO Funcionário cadastrado!
2023-04-07 02:02:40,823 root INFO BD acessado!
2023-04-07 02:06:01,358 werkzeug INFO  * Detected change in 'C:\\Users\\ezioa\\Documents\\GitHub\\muralis_desafio\\desafio_d_API.py', reloading
2023-04-07 02:06:01,564 werkzeug INFO  * Restarting with stat
2023-04-07 02:06:04,239 werkzeug WARNING  * Debugger is active!
2023-04-07 02:06:04,252 werkzeug INFO  * Debugger PIN: 520-542-148
2023-04-07 02:06:14,670 root INFO BD acessado!
2023-04-07 02:06:14,671 root INFO Funcionário consultado!
2023-04-07 02:06:14,683 werkzeug INFO 127.0.0.1 - - [07/Apr/2023 02:06:14] "GET /buscar_funcionario/8 HTTP/1.1" 200 -
2023-04-07 02:07:10,749 werkzeug INFO [31m[1mWARNING: This is a development server. Do not use it in a production deployment. Use a production WSGI server instead.[0m
 * Running on http://127.0.0.1:5000
2023-04-07 02:07:10,749 werkzeug INFO [33mPress CTRL+C to quit[0m
2023-04-07 02:07:10,753 werkzeug INFO  * Restarting with stat
2023-04-07 02:07:11,615 werkzeug WARNING  * Debugger is active!
2023-04-07 02:07:11,618 werkzeug INFO  * Debugger PIN: 520-542-148
2023-04-07 02:07:22,071 root INFO BD acessado!
2023-04-07 02:07:22,078 root INFO Funcionário cadastrado!
2023-04-07 02:07:22,089 root INFO BD acessado!
2023-04-07 02:07:22,102 root INFO BD acessado!
2023-04-07 02:07:22,104 root INFO Funcionário consultado!
2023-04-07 02:07:22,120 werkzeug INFO 127.0.0.1 - - [07/Apr/2023 02:07:22] "[35m[1mPOST /cadastrar_funcionario/ HTTP/1.1[0m" 500 -
2023-04-07 02:07:58,110 werkzeug INFO [31m[1mWARNING: This is a development server. Do not use it in a production deployment. Use a production WSGI server instead.[0m
 * Running on http://127.0.0.1:5000
2023-04-07 02:07:58,111 werkzeug INFO [33mPress CTRL+C to quit[0m
2023-04-07 02:07:58,114 werkzeug INFO  * Restarting with stat
2023-04-07 02:07:58,913 werkzeug WARNING  * Debugger is active!
2023-04-07 02:07:58,916 werkzeug INFO  * Debugger PIN: 520-542-148
2023-04-07 02:08:02,364 root INFO BD acessado!
2023-04-07 02:08:02,370 root INFO Funcionário cadastrado!
2023-04-07 02:08:02,382 root INFO BD acessado!
2023-04-07 02:08:02,394 root INFO BD acessado!
2023-04-07 02:08:02,397 root INFO Funcionário consultado!
2023-04-07 02:08:02,419 werkzeug INFO 127.0.0.1 - - [07/Apr/2023 02:08:02] "[35m[1mPOST /cadastrar_funcionario/ HTTP/1.1[0m" 500 -
2023-04-07 02:12:19,210 werkzeug INFO  * Detected change in 'C:\\Users\\ezioa\\Documents\\GitHub\\muralis_desafio\\desafio_d_API.py', reloading
2023-04-07 02:12:19,332 werkzeug INFO  * Restarting with stat
2023-04-07 02:12:20,160 werkzeug WARNING  * Debugger is active!
2023-04-07 02:12:20,163 werkzeug INFO  * Debugger PIN: 520-542-148
2023-04-07 02:12:28,007 werkzeug INFO  * Detected change in 'C:\\Users\\ezioa\\Documents\\GitHub\\muralis_desafio\\desafio_d_API.py', reloading
2023-04-07 02:12:28,196 werkzeug INFO  * Restarting with stat
2023-04-07 02:12:29,080 werkzeug WARNING  * Debugger is active!
2023-04-07 02:12:29,083 werkzeug INFO  * Debugger PIN: 520-542-148
2023-04-07 02:15:02,803 werkzeug INFO [31m[1mWARNING: This is a development server. Do not use it in a production deployment. Use a production WSGI server instead.[0m
 * Running on http://127.0.0.1:5000
2023-04-07 02:15:02,803 werkzeug INFO [33mPress CTRL+C to quit[0m
2023-04-07 02:15:02,807 werkzeug INFO  * Restarting with stat
2023-04-07 02:15:03,827 werkzeug WARNING  * Debugger is active!
2023-04-07 02:15:03,832 werkzeug INFO  * Debugger PIN: 520-542-148
2023-04-07 02:15:11,500 root INFO BD acessado!
2023-04-07 02:15:11,508 root INFO Funcionário cadastrado!
2023-04-07 02:15:11,520 root INFO BD acessado!
2023-04-07 02:15:11,534 root INFO BD acessado!
2023-04-07 02:15:11,536 root INFO Funcionário consultado!
2023-04-07 02:15:11,557 werkzeug INFO 127.0.0.1 - - [07/Apr/2023 02:15:11] "[35m[1mPOST /cadastrar_funcionario/ HTTP/1.1[0m" 500 -
2023-04-07 02:19:56,229 werkzeug INFO  * Detected change in 'C:\\Users\\ezioa\\Documents\\GitHub\\muralis_desafio\\slaoq.py', reloading
2023-04-07 02:19:56,417 werkzeug INFO  * Restarting with stat
2023-04-07 02:19:57,283 werkzeug WARNING  * Debugger is active!
2023-04-07 02:19:57,287 werkzeug INFO  * Debugger PIN: 520-542-148
2023-04-07 02:20:10,623 werkzeug INFO  * Detected change in 'C:\\Users\\ezioa\\Documents\\GitHub\\muralis_desafio\\slaoq.py', reloading
2023-04-07 02:20:10,729 werkzeug INFO  * Restarting with stat
2023-04-07 02:20:11,585 werkzeug WARNING  * Debugger is active!
2023-04-07 02:20:11,589 werkzeug INFO  * Debugger PIN: 520-542-148
2023-04-07 02:21:58,869 werkzeug INFO  * Detected change in 'C:\\Users\\ezioa\\Documents\\GitHub\\muralis_desafio\\slaoq.py', reloading
2023-04-07 02:21:58,971 werkzeug INFO  * Restarting with stat
2023-04-07 02:21:59,869 werkzeug WARNING  * Debugger is active!
2023-04-07 02:21:59,872 werkzeug INFO  * Debugger PIN: 520-542-148
2023-04-07 02:23:24,201 werkzeug INFO  * Detected change in 'C:\\Users\\ezioa\\Documents\\GitHub\\muralis_desafio\\desafio_d_API.py', reloading
2023-04-07 02:23:24,344 werkzeug INFO  * Restarting with stat
2023-04-07 02:23:25,259 werkzeug WARNING  * Debugger is active!
2023-04-07 02:23:25,264 werkzeug INFO  * Debugger PIN: 520-542-148
2023-04-07 02:24:20,793 werkzeug INFO [31m[1mWARNING: This is a development server. Do not use it in a production deployment. Use a production WSGI server instead.[0m
 * Running on http://127.0.0.1:5000
2023-04-07 02:24:20,794 werkzeug INFO [33mPress CTRL+C to quit[0m
2023-04-07 02:24:20,796 werkzeug INFO  * Restarting with stat
2023-04-07 02:24:21,643 werkzeug WARNING  * Debugger is active!
2023-04-07 02:24:21,646 werkzeug INFO  * Debugger PIN: 520-542-148
2023-04-07 02:24:28,208 root INFO BD acessado!
2023-04-07 02:24:28,215 root INFO Funcionário cadastrado!
2023-04-07 02:24:28,216 werkzeug INFO 127.0.0.1 - - [07/Apr/2023 02:24:28] "POST /cadastrar_funcionario/ HTTP/1.1" 200 -
2023-04-07 02:25:51,353 werkzeug INFO [31m[1mWARNING: This is a development server. Do not use it in a production deployment. Use a production WSGI server instead.[0m
 * Running on http://127.0.0.1:5000
2023-04-07 02:25:51,353 werkzeug INFO [33mPress CTRL+C to quit[0m
2023-04-07 02:25:51,356 werkzeug INFO  * Restarting with stat
2023-04-07 02:25:52,215 werkzeug WARNING  * Debugger is active!
2023-04-07 02:25:52,219 werkzeug INFO  * Debugger PIN: 520-542-148
2023-04-07 02:25:56,032 root INFO BD acessado!
2023-04-07 02:25:56,043 root INFO Funcionário cadastrado!
2023-04-07 02:25:56,044 werkzeug INFO 127.0.0.1 - - [07/Apr/2023 02:25:56] "POST /cadastrar_funcionario/ HTTP/1.1" 200 -
2023-04-07 02:27:04,678 werkzeug INFO [31m[1mWARNING: This is a development server. Do not use it in a production deployment. Use a production WSGI server instead.[0m
 * Running on http://127.0.0.1:5000
2023-04-07 02:27:04,678 werkzeug INFO [33mPress CTRL+C to quit[0m
2023-04-07 02:27:04,681 werkzeug INFO  * Restarting with stat
2023-04-07 02:27:05,621 werkzeug WARNING  * Debugger is active!
2023-04-07 02:27:05,624 werkzeug INFO  * Debugger PIN: 520-542-148
2023-04-07 02:27:09,635 root INFO BD acessado!
2023-04-07 02:27:09,639 root INFO Funcionário cadastrado!
2023-04-07 02:27:09,650 werkzeug INFO 127.0.0.1 - - [07/Apr/2023 02:27:09] "[35m[1mPOST /cadastrar_funcionario/ HTTP/1.1[0m" 500 -
2023-04-07 02:27:19,055 werkzeug INFO  * Detected change in 'C:\\Users\\ezioa\\Documents\\GitHub\\muralis_desafio\\desafio_d_API.py', reloading
2023-04-07 02:27:19,134 werkzeug INFO  * Restarting with stat
2023-04-07 02:27:19,937 werkzeug WARNING  * Debugger is active!
2023-04-07 02:27:19,940 werkzeug INFO  * Debugger PIN: 520-542-148
2023-04-07 02:27:48,960 werkzeug INFO [31m[1mWARNING: This is a development server. Do not use it in a production deployment. Use a production WSGI server instead.[0m
 * Running on http://127.0.0.1:5000
2023-04-07 02:27:48,960 werkzeug INFO [33mPress CTRL+C to quit[0m
2023-04-07 02:27:48,964 werkzeug INFO  * Restarting with stat
2023-04-07 02:27:49,788 werkzeug WARNING  * Debugger is active!
2023-04-07 02:27:49,791 werkzeug INFO  * Debugger PIN: 520-542-148
2023-04-07 02:27:53,427 root INFO BD acessado!
2023-04-07 02:27:53,434 root INFO Funcionário cadastrado!
2023-04-07 02:27:53,435 werkzeug INFO 127.0.0.1 - - [07/Apr/2023 02:27:53] "POST /cadastrar_funcionario/ HTTP/1.1" 200 -
2023-04-07 02:28:11,558 werkzeug INFO [31m[1mWARNING: This is a development server. Do not use it in a production deployment. Use a production WSGI server instead.[0m
 * Running on http://127.0.0.1:5000
2023-04-07 02:28:11,558 werkzeug INFO [33mPress CTRL+C to quit[0m
2023-04-07 02:28:11,560 werkzeug INFO  * Restarting with stat
2023-04-07 02:28:12,380 werkzeug WARNING  * Debugger is active!
2023-04-07 02:28:12,383 werkzeug INFO  * Debugger PIN: 520-542-148
2023-04-07 02:28:16,232 root INFO BD acessado!
2023-04-07 02:28:16,236 root INFO Funcionário cadastrado!
2023-04-07 02:28:16,238 werkzeug INFO 127.0.0.1 - - [07/Apr/2023 02:28:16] "POST /cadastrar_funcionario/ HTTP/1.1" 200 -
2023-04-07 02:29:38,503 werkzeug INFO  * Detected change in 'C:\\Users\\ezioa\\Documents\\GitHub\\muralis_desafio\\desafio_d_API.py', reloading
2023-04-07 02:29:38,617 werkzeug INFO  * Restarting with stat
2023-04-07 02:29:39,458 werkzeug WARNING  * Debugger is active!
2023-04-07 02:29:39,461 werkzeug INFO  * Debugger PIN: 520-542-148
2023-04-07 02:30:04,787 werkzeug INFO  * Detected change in 'C:\\Users\\ezioa\\Documents\\GitHub\\muralis_desafio\\desafio_d_API.py', reloading
2023-04-07 02:30:04,880 werkzeug INFO  * Restarting with stat
2023-04-07 02:30:05,757 werkzeug WARNING  * Debugger is active!
2023-04-07 02:30:05,760 werkzeug INFO  * Debugger PIN: 520-542-148
2023-04-07 02:35:19,021 werkzeug INFO [31m[1mWARNING: This is a development server. Do not use it in a production deployment. Use a production WSGI server instead.[0m
 * Running on http://127.0.0.1:5000
2023-04-07 02:35:19,023 werkzeug INFO [33mPress CTRL+C to quit[0m
2023-04-07 02:35:19,026 werkzeug INFO  * Restarting with stat
2023-04-07 02:35:19,999 werkzeug WARNING  * Debugger is active!
2023-04-07 02:35:20,003 werkzeug INFO  * Debugger PIN: 520-542-148
2023-04-07 02:35:29,441 root INFO BD acessado!
2023-04-07 02:35:29,444 root INFO Funcionário consultado!
2023-04-07 02:35:29,447 werkzeug INFO 127.0.0.1 - - [07/Apr/2023 02:35:29] "GET /buscar_funcionario/8 HTTP/1.1" 200 -
2023-04-07 02:37:49,437 werkzeug INFO  * Detected change in 'C:\\Users\\ezioa\\Documents\\GitHub\\muralis_desafio\\desafio_d_API.py', reloading
2023-04-07 02:37:49,546 werkzeug INFO  * Restarting with stat
2023-04-07 02:37:50,451 werkzeug WARNING  * Debugger is active!
2023-04-07 02:37:50,454 werkzeug INFO  * Debugger PIN: 520-542-148
2023-04-07 02:38:45,977 werkzeug INFO [31m[1mWARNING: This is a development server. Do not use it in a production deployment. Use a production WSGI server instead.[0m
 * Running on http://127.0.0.1:5000
2023-04-07 02:38:45,977 werkzeug INFO [33mPress CTRL+C to quit[0m
2023-04-07 02:38:45,980 werkzeug INFO  * Restarting with stat
2023-04-07 02:38:46,762 werkzeug WARNING  * Debugger is active!
2023-04-07 02:38:46,765 werkzeug INFO  * Debugger PIN: 520-542-148
2023-04-07 02:38:57,250 root INFO BD acessado!
2023-04-07 02:38:57,257 root INFO Funcionário cadastrado!
2023-04-07 02:38:57,286 werkzeug INFO 127.0.0.1 - - [07/Apr/2023 02:38:57] "[35m[1mPOST /cadastrar_funcionario/ HTTP/1.1[0m" 500 -
2023-04-07 02:39:26,893 werkzeug INFO [31m[1mWARNING: This is a development server. Do not use it in a production deployment. Use a production WSGI server instead.[0m
 * Running on http://127.0.0.1:5000
2023-04-07 02:39:26,893 werkzeug INFO [33mPress CTRL+C to quit[0m
2023-04-07 02:39:26,896 werkzeug INFO  * Restarting with stat
2023-04-07 02:39:27,871 werkzeug WARNING  * Debugger is active!
2023-04-07 02:39:27,873 werkzeug INFO  * Debugger PIN: 520-542-148
2023-04-07 02:39:30,739 root INFO BD acessado!
2023-04-07 02:39:30,744 root INFO Funcionário cadastrado!
2023-04-07 02:39:30,752 werkzeug INFO 127.0.0.1 - - [07/Apr/2023 02:39:30] "POST /cadastrar_funcionario/ HTTP/1.1" 200 -
2023-04-07 02:40:39,918 werkzeug INFO  * Detected change in 'C:\\Users\\ezioa\\Documents\\GitHub\\muralis_desafio\\desafio_d_API.py', reloading
2023-04-07 02:40:40,048 werkzeug INFO  * Restarting with stat
2023-04-07 02:40:41,013 werkzeug WARNING  * Debugger is active!
2023-04-07 02:40:41,017 werkzeug INFO  * Debugger PIN: 520-542-148
